/*C1*/SET SCHEMA SYSTEM_LOBS
INSERT INTO BLOCKS VALUES(0,2147483647,0)
COMMIT
/*C2*/SET SCHEMA PUBLIC
CREATE TABLE PUBLIC.PERSON ( ID BIGINT GENERATED BY DEFAULT AS IDENTITY (START WITH 1) NOT NULL PRIMARY KEY, MIDDLENAME VARCHAR(255), NAME VARCHAR(255), PHONE VARCHAR(255), SURNAME VARCHAR(255) )
CREATE TABLE PUBLIC.PRIORITY ( ID BIGINT GENERATED BY DEFAULT AS IDENTITY (START WITH 1) NOT NULL PRIMARY KEY, NAME VARCHAR(255) )
CREATE TABLE PUBLIC.DOCTOR ( ID BIGINT GENERATED BY DEFAULT AS IDENTITY (START WITH 1) NOT NULL PRIMARY KEY, MIDDLENAME VARCHAR(255), NAME VARCHAR(255), SURNAME VARCHAR(255), SPECIALIZATION_ID BIGINT )
CREATE TABLE PUBLIC.SPECIALIZATION ( ID BIGINT GENERATED BY DEFAULT AS IDENTITY (START WITH 1) NOT NULL PRIMARY KEY, NAME VARCHAR(255) )
CREATE TABLE PUBLIC.RECIPE ( ID BIGINT GENERATED BY DEFAULT AS IDENTITY (START WITH 1) NOT NULL PRIMARY KEY, DATE DATE, DESCRIPTION VARCHAR(255), DURATION VARCHAR(255), DOCTOR_ID BIGINT, PERSON_ID BIGINT, PRIORITY_ID BIGINT, FOREIGN KEY (DOCTOR_ID) REFERENCES PUBLIC.DOCTOR (ID) ON DELETE RESTRICT, FOREIGN KEY (PERSON_ID) REFERENCES PUBLIC.PERSON (ID) ON DELETE RESTRICT, FOREIGN KEY (PRIORITY_ID) REFERENCES PUBLIC.PRIORITY (ID) ON DELETE RESTRICT ) 
INSERT INTO SPECIALIZATION VALUES(1,'Cardiologist')
COMMIT
INSERT INTO SPECIALIZATION VALUES(2,'Dentist')
COMMIT
INSERT INTO SPECIALIZATION VALUES(3,'Allergist')
COMMIT
INSERT INTO SPECIALIZATION VALUES(4,'Cardiologist')
COMMIT
DELETE FROM SPECIALIZATION WHERE ID=4
INSERT INTO SPECIALIZATION VALUES(4,'Anesthesiologist')
COMMIT
INSERT INTO PRIORITY VALUES(1,'Normal')
COMMIT
INSERT INTO PRIORITY VALUES(2,'Cito')
COMMIT
INSERT INTO PRIORITY VALUES(3,'Statim')
COMMIT
INSERT INTO PERSON VALUES(1,'Vadimovich','Vladislav','+7(927)33-45-14','Abalichin')
COMMIT
INSERT INTO PERSON VALUES(2,'Aleksandrovich','Denis','+7(922)33-56-12','Butskikh')
COMMIT
INSERT INTO PERSON VALUES(3,'Maksimovich','Maksim','+7(927)011-43-24','Maksimovich')
COMMIT
INSERT INTO PERSON VALUES(4,'Petrovich','Petr','+7(927)112-43-12','Petrov')
COMMIT
INSERT INTO PERSON VALUES(5,'Petrovich','Oleg','+7(922)134-66-44','Petrov')
COMMIT
INSERT INTO DOCTOR VALUES(1,'Vladimirovich','Evgeniy','Morozov',2)
COMMIT
INSERT INTO DOCTOR VALUES(2,'Olegovich','Vladislav','Antonov',3)
COMMIT
INSERT INTO DOCTOR VALUES(3,'Ivanovich','Ivan','Petrov',1)
COMMIT
INSERT INTO DOCTOR VALUES(4,'Petrovich','Denis','Morozov',4)
COMMIT
INSERT INTO RECIPE VALUES(1,'2020-12-12','Filling a tooth','10 days',1,1,1)
COMMIT
DELETE FROM PERSON WHERE ID=1
INSERT INTO PERSON VALUES(1,'Vadimovich','Vladislav','+7(927)33-45-14','Abalikhin')
COMMIT
INSERT INTO RECIPE VALUES(2,'2020-12-11','Allergy','5 days',2,2,2)
COMMIT
INSERT INTO RECIPE VALUES(3,'2020-12-11','Filling a tooth','6 days',1,4,2)
COMMIT
INSERT INTO RECIPE VALUES(4,'2020-12-11','Preparation for surgery','5 days',4,5,3)
COMMIT
DISCONNECT
/*C3*/SET SCHEMA PUBLIC
DISCONNECT
/*C4*/SET SCHEMA PUBLIC
DISCONNECT
/*C5*/SET SCHEMA PUBLIC
DISCONNECT
/*C6*/SET SCHEMA PUBLIC
DISCONNECT
/*C7*/SET SCHEMA PUBLIC
DISCONNECT
/*C8*/SET SCHEMA PUBLIC
DISCONNECT
/*C9*/SET SCHEMA PUBLIC
DISCONNECT
/*C10*/SET SCHEMA PUBLIC
DISCONNECT
/*C11*/SET SCHEMA PUBLIC
DISCONNECT
